<?xml version="1.0" encoding="UTF-8"?>
<testng-results ignored="0" total="3" passed="2" failed="1" skipped="0">
  <reporter-output>
  </reporter-output>
  <suite started-at="2023-01-23T21:54:21 IST" name="Surefire suite" finished-at="2023-01-23T21:54:27 IST" duration-ms="6341">
    <groups>
    </groups>
    <test started-at="2023-01-23T21:54:21 IST" name="Surefire test" finished-at="2023-01-23T21:54:27 IST" duration-ms="6341">
      <class name="SeleniumAutomation.TestCases.SubmitOrderTest">
        <test-method is-config="true" signature="initailiseDriver()[pri:0, instance:SeleniumAutomation.TestCases.SubmitOrderTest@6a84a97d]" started-at="2023-01-23T21:54:25 IST" name="initailiseDriver" finished-at="2023-01-23T21:54:26 IST" duration-ms="1086" status="PASS">
          <reporter-output>
          </reporter-output>
        </test-method> <!-- initailiseDriver -->
        <test-method signature="user_submit_new_order()[pri:0, instance:SeleniumAutomation.TestCases.SubmitOrderTest@6a84a97d]" started-at="2023-01-23T21:54:26 IST" name="user_submit_new_order" finished-at="2023-01-23T21:54:27 IST" duration-ms="964" status="PASS">
          <reporter-output>
          </reporter-output>
        </test-method> <!-- user_submit_new_order -->
        <test-method is-config="true" signature="closeBrowser()[pri:0, instance:SeleniumAutomation.TestCases.SubmitOrderTest@6a84a97d]" started-at="2023-01-23T21:54:27 IST" name="closeBrowser" finished-at="2023-01-23T21:54:27 IST" duration-ms="126" status="PASS">
          <reporter-output>
          </reporter-output>
        </test-method> <!-- closeBrowser -->
      </class> <!-- SeleniumAutomation.TestCases.SubmitOrderTest -->
      <class name="SeleniumAutomation.TestCases.LoginTest">
        <test-method is-config="true" signature="initailiseDriver()[pri:0, instance:SeleniumAutomation.TestCases.LoginTest@2beee7ff]" started-at="2023-01-23T21:54:21 IST" name="initailiseDriver" finished-at="2023-01-23T21:54:23 IST" duration-ms="2108" status="PASS">
          <reporter-output>
          </reporter-output>
        </test-method> <!-- initailiseDriver -->
        <test-method signature="login_with_invalid_credentials()[pri:0, instance:SeleniumAutomation.TestCases.LoginTest@2beee7ff]" started-at="2023-01-23T21:54:23 IST" name="login_with_invalid_credentials" finished-at="2023-01-23T21:54:24 IST" duration-ms="320" status="FAIL">
          <exception class="java.lang.AssertionError">
            <message>
              <![CDATA[expected [Epi2c sadface: Username and password do not match any user in this service] but found [Epic sadface: Username and password do not match any user in this service]]]>
            </message>
            <full-stacktrace>
              <![CDATA[java.lang.AssertionError: expected [Epi2c sadface: Username and password do not match any user in this service] but found [Epic sadface: Username and password do not match any user in this service]
at org.testng.Assert.fail(Assert.java:110)
at org.testng.Assert.failNotEquals(Assert.java:1413)
at org.testng.Assert.assertEqualsImpl(Assert.java:149)
at org.testng.Assert.assertEquals(Assert.java:131)
at org.testng.Assert.assertEquals(Assert.java:655)
at org.testng.Assert.assertEquals(Assert.java:665)
at SeleniumAutomation.TestCases.LoginTest.login_with_invalid_credentials(LoginTest.java:25)
at java.base/jdk.internal.reflect.NativeMethodAccessorImpl.invoke0(Native Method)
at java.base/jdk.internal.reflect.NativeMethodAccessorImpl.invoke(NativeMethodAccessorImpl.java:62)
at java.base/jdk.internal.reflect.DelegatingMethodAccessorImpl.invoke(DelegatingMethodAccessorImpl.java:43)
at java.base/java.lang.reflect.Method.invoke(Method.java:566)
at org.testng.internal.invokers.MethodInvocationHelper.invokeMethod(MethodInvocationHelper.java:139)
at org.testng.internal.invokers.TestInvoker.invokeMethod(TestInvoker.java:677)
at org.testng.internal.invokers.TestInvoker.invokeTestMethod(TestInvoker.java:221)
at org.testng.internal.invokers.MethodRunner.runInSequence(MethodRunner.java:50)
at org.testng.internal.invokers.TestInvoker$MethodInvocationAgent.invoke(TestInvoker.java:969)
at org.testng.internal.invokers.TestInvoker.invokeTestMethods(TestInvoker.java:194)
at org.testng.internal.invokers.TestMethodWorker.invokeTestMethods(TestMethodWorker.java:148)
at org.testng.internal.invokers.TestMethodWorker.run(TestMethodWorker.java:128)
at java.base/java.util.ArrayList.forEach(ArrayList.java:1541)
at org.testng.TestRunner.privateRun(TestRunner.java:829)
at org.testng.TestRunner.run(TestRunner.java:602)
at org.testng.SuiteRunner.runTest(SuiteRunner.java:437)
at org.testng.SuiteRunner.runSequentially(SuiteRunner.java:431)
at org.testng.SuiteRunner.privateRun(SuiteRunner.java:391)
at org.testng.SuiteRunner.run(SuiteRunner.java:330)
at org.testng.SuiteRunnerWorker.runSuite(SuiteRunnerWorker.java:52)
at org.testng.SuiteRunnerWorker.run(SuiteRunnerWorker.java:95)
at org.testng.TestNG.runSuitesSequentially(TestNG.java:1256)
at org.testng.TestNG.runSuitesLocally(TestNG.java:1176)
at org.testng.TestNG.runSuites(TestNG.java:1099)
at org.testng.TestNG.run(TestNG.java:1067)
at org.apache.maven.surefire.testng.TestNGExecutor.run(TestNGExecutor.java:135)
at org.apache.maven.surefire.testng.TestNGDirectoryTestSuite.executeMulti(TestNGDirectoryTestSuite.java:193)
at org.apache.maven.surefire.testng.TestNGDirectoryTestSuite.execute(TestNGDirectoryTestSuite.java:94)
at org.apache.maven.surefire.testng.TestNGProvider.invoke(TestNGProvider.java:146)
at org.apache.maven.surefire.booter.ForkedBooter.invokeProviderInSameClassLoader(ForkedBooter.java:384)
at org.apache.maven.surefire.booter.ForkedBooter.runSuitesInProcess(ForkedBooter.java:345)
at org.apache.maven.surefire.booter.ForkedBooter.execute(ForkedBooter.java:126)
at org.apache.maven.surefire.booter.ForkedBooter.main(ForkedBooter.java:418)
]]>
            </full-stacktrace>
          </exception> <!-- java.lang.AssertionError -->
          <reporter-output>
          </reporter-output>
        </test-method> <!-- login_with_invalid_credentials -->
        <test-method is-config="true" signature="closeBrowser()[pri:0, instance:SeleniumAutomation.TestCases.LoginTest@2beee7ff]" started-at="2023-01-23T21:54:24 IST" name="closeBrowser" finished-at="2023-01-23T21:54:24 IST" duration-ms="185" status="PASS">
          <reporter-output>
          </reporter-output>
        </test-method> <!-- closeBrowser -->
        <test-method is-config="true" signature="initailiseDriver()[pri:0, instance:SeleniumAutomation.TestCases.LoginTest@2beee7ff]" started-at="2023-01-23T21:54:24 IST" name="initailiseDriver" finished-at="2023-01-23T21:54:25 IST" duration-ms="986" status="PASS">
          <reporter-output>
          </reporter-output>
        </test-method> <!-- initailiseDriver -->
        <test-method signature="login_with_valid_credentials()[pri:0, instance:SeleniumAutomation.TestCases.LoginTest@2beee7ff]" started-at="2023-01-23T21:54:25 IST" name="login_with_valid_credentials" finished-at="2023-01-23T21:54:25 IST" duration-ms="392" status="PASS">
          <reporter-output>
          </reporter-output>
        </test-method> <!-- login_with_valid_credentials -->
        <test-method is-config="true" signature="closeBrowser()[pri:0, instance:SeleniumAutomation.TestCases.LoginTest@2beee7ff]" started-at="2023-01-23T21:54:25 IST" name="closeBrowser" finished-at="2023-01-23T21:54:25 IST" duration-ms="114" status="PASS">
          <reporter-output>
          </reporter-output>
        </test-method> <!-- closeBrowser -->
      </class> <!-- SeleniumAutomation.TestCases.LoginTest -->
    </test> <!-- Surefire test -->
  </suite> <!-- Surefire suite -->
</testng-results>
